2025-04-02 16:50:32,072 - INFO - Start polling
2025-04-02 16:50:33,170 - INFO - Run polling for bot @MentorSHODLIKbot id=7638159940 - 'Mentor SHODLIK'
2025-04-02 16:50:51,421 - INFO - Start polling
2025-04-02 16:50:52,346 - INFO - Run polling for bot @MentorSHODLIKbot id=7638159940 - 'Mentor SHODLIK'
2025-04-02 16:52:23,240 - INFO - Start polling
2025-04-02 16:52:24,840 - INFO - Run polling for bot @MentorSHODLIKbot id=7638159940 - 'Mentor SHODLIK'
2025-04-02 16:53:26,805 - INFO - Update id=476345880 is handled. Duration 2643 ms by bot id=7638159940
2025-04-02 16:53:29,318 - INFO - Update id=476345881 is handled. Duration 375 ms by bot id=7638159940
2025-04-02 16:53:32,844 - INFO - Update id=476345882 is handled. Duration 635 ms by bot id=7638159940
2025-04-02 16:53:33,649 - INFO - Update id=476345883 is handled. Duration 266 ms by bot id=7638159940
2025-04-02 17:02:50,636 - INFO - Start polling
2025-04-02 17:02:53,350 - INFO - Run polling for bot @MentorSHODLIKbot id=7638159940 - 'Mentor SHODLIK'
2025-04-02 17:02:55,612 - INFO - Update id=476345884 is handled. Duration 1717 ms by bot id=7638159940
2025-04-02 17:03:02,313 - INFO - Update id=476345885 is handled. Duration 612 ms by bot id=7638159940
2025-04-02 17:03:03,797 - INFO - Update id=476345886 is handled. Duration 311 ms by bot id=7638159940
2025-04-02 17:03:06,745 - INFO - Update id=476345887 is handled. Duration 1092 ms by bot id=7638159940
2025-04-04 07:25:31,301 - INFO - Start polling
2025-04-04 07:25:31,672 - INFO - Run polling for bot @MentorSHODLIKbot id=7638159940 - 'Mentor SHODLIK'
2025-04-04 07:25:43,386 - INFO - Update id=476345897 is handled. Duration 411 ms by bot id=7638159940
2025-04-04 07:25:44,649 - INFO - Update id=476345898 is handled. Duration 136 ms by bot id=7638159940
2025-04-04 07:25:47,849 - INFO - Update id=476345899 is handled. Duration 137 ms by bot id=7638159940
2025-04-04 07:25:53,942 - INFO - Checking subscription for user 7870574243 in channel @shodlik_project
2025-04-04 07:25:54,060 - INFO - User status: member
2025-04-04 07:25:54,307 - INFO - Update id=476345900 is handled. Duration 366 ms by bot id=7638159940
2025-04-04 07:25:58,228 - INFO - Update id=476345901 is handled. Duration 140 ms by bot id=7638159940
2025-04-04 07:26:00,820 - INFO - Update id=476345902 is handled. Duration 159 ms by bot id=7638159940
2025-04-04 07:26:02,120 - INFO - Update id=476345903 is handled. Duration 178 ms by bot id=7638159940
2025-04-04 07:26:03,197 - INFO - Update id=476345904 is handled. Duration 178 ms by bot id=7638159940
2025-04-04 07:26:04,295 - INFO - Update id=476345905 is handled. Duration 142 ms by bot id=7638159940
2025-04-04 07:26:05,122 - INFO - Update id=476345906 is handled. Duration 144 ms by bot id=7638159940
2025-04-04 07:26:06,058 - INFO - Update id=476345907 is handled. Duration 167 ms by bot id=7638159940
2025-04-04 07:26:06,829 - INFO - Update id=476345908 is handled. Duration 138 ms by bot id=7638159940
2025-04-04 07:26:07,816 - INFO - Update id=476345909 is handled. Duration 295 ms by bot id=7638159940
2025-04-04 07:26:08,618 - INFO - Update id=476345910 is handled. Duration 141 ms by bot id=7638159940
2025-04-04 07:26:09,966 - INFO - Update id=476345911 is handled. Duration 175 ms by bot id=7638159940
2025-04-04 07:26:10,938 - INFO - Update id=476345912 is handled. Duration 163 ms by bot id=7638159940
2025-04-04 07:26:13,686 - INFO - Update id=476345913 is handled. Duration 197 ms by bot id=7638159940
2025-04-04 07:26:15,091 - INFO - Update id=476345914 is handled. Duration 399 ms by bot id=7638159940
2025-04-04 07:26:25,396 - INFO - Update id=476345915 is handled. Duration 485 ms by bot id=7638159940
